

Started GET "/site_translations/" for 127.0.0.1 at 2010-10-07 23:21:04 +0200

LoadError (Expected /home/hubert/Projekty/GoTranslateYourself/app/controllers/go_translate_yourself/site_translations_controller.rb to define GoTranslateYourself::SiteTranslationsController):
  

Rendered /home/hubert/.rvm/gems/ruby-1.9.2-p0/gems/actionpack-3.0.0/lib/action_dispatch/middleware/templates/rescues/_trace.erb (1.4ms)
Rendered /home/hubert/.rvm/gems/ruby-1.9.2-p0/gems/actionpack-3.0.0/lib/action_dispatch/middleware/templates/rescues/_request_and_response.erb (9.3ms)
Rendered /home/hubert/.rvm/gems/ruby-1.9.2-p0/gems/actionpack-3.0.0/lib/action_dispatch/middleware/templates/rescues/diagnostics.erb within rescues/layout (15.4ms)


Started GET "/site_translations/" for 127.0.0.1 at 2010-10-07 23:21:05 +0200

LoadError (Expected /home/hubert/Projekty/GoTranslateYourself/app/controllers/go_translate_yourself/site_translations_controller.rb to define GoTranslateYourself::SiteTranslationsController):
  

Rendered /home/hubert/.rvm/gems/ruby-1.9.2-p0/gems/actionpack-3.0.0/lib/action_dispatch/middleware/templates/rescues/_trace.erb (1.3ms)
Rendered /home/hubert/.rvm/gems/ruby-1.9.2-p0/gems/actionpack-3.0.0/lib/action_dispatch/middleware/templates/rescues/_request_and_response.erb (1.3ms)
Rendered /home/hubert/.rvm/gems/ruby-1.9.2-p0/gems/actionpack-3.0.0/lib/action_dispatch/middleware/templates/rescues/diagnostics.erb within rescues/layout (6.6ms)


Started GET "/site_translations/" for 127.0.0.1 at 2010-10-07 23:21:33 +0200

AbstractController::ActionNotFound (The action 'edit' could not be found for GoTranslateYourself::SiteTranslationsController):
  

Rendered /home/hubert/.rvm/gems/ruby-1.9.2-p0/gems/actionpack-3.0.0/lib/action_dispatch/middleware/templates/rescues/unknown_action.erb within rescues/layout (0.9ms)


Started GET "/site_translations/" for 127.0.0.1 at 2010-10-07 23:21:35 +0200

AbstractController::ActionNotFound (The action 'edit' could not be found for GoTranslateYourself::SiteTranslationsController):
  

Rendered /home/hubert/.rvm/gems/ruby-1.9.2-p0/gems/actionpack-3.0.0/lib/action_dispatch/middleware/templates/rescues/unknown_action.erb within rescues/layout (1.0ms)


Started GET "/site_translations/" for 127.0.0.1 at 2010-10-07 23:21:42 +0200
  Processing by GoTranslateYourself::SiteTranslationsController#edit as HTML
Rendered text template (0.0ms)
Completed 200 OK in 30ms (Views: 30.0ms)


Started GET "/site_translations/" for 127.0.0.1 at 2010-10-07 23:27:41 +0200
  Processing by GoTranslateYourself::SiteTranslationsController#edit as HTML
Rendered /home/hubert/Projekty/GoTranslateYourself/app/views/go_translate_yourself/site_translations/edit.html.erb within layouts/application (1.9ms)
Completed 200 OK in 8ms (Views: 7.7ms)


Started GET "/site_translations/" for 127.0.0.1 at 2010-10-07 23:30:04 +0200
  Processing by GoTranslateYourself::SiteTranslationsController#edit as HTML
Completed   in 1ms

NoMethodError (undefined method `keys_without_prefix' for #<GoTranslateYourself::MongoStore:0x00000001c26a40>):
  

Rendered /home/hubert/.rvm/gems/ruby-1.9.2-p0/gems/actionpack-3.0.0/lib/action_dispatch/middleware/templates/rescues/_trace.erb (1.3ms)
Rendered /home/hubert/.rvm/gems/ruby-1.9.2-p0/gems/actionpack-3.0.0/lib/action_dispatch/middleware/templates/rescues/_request_and_response.erb (3.5ms)
Rendered /home/hubert/.rvm/gems/ruby-1.9.2-p0/gems/actionpack-3.0.0/lib/action_dispatch/middleware/templates/rescues/diagnostics.erb within rescues/layout (8.4ms)


Started GET "/site_translations/" for 127.0.0.1 at 2010-10-07 23:30:30 +0200
  Processing by GoTranslateYourself::SiteTranslationsController#edit as HTML
Completed   in 1ms

NoMethodError (undefined method `keys_without_prefix' for #<GoTranslateYourself::MongoStore:0x00000001c26a40>):
  

Rendered /home/hubert/.rvm/gems/ruby-1.9.2-p0/gems/actionpack-3.0.0/lib/action_dispatch/middleware/templates/rescues/_trace.erb (1.3ms)
Rendered /home/hubert/.rvm/gems/ruby-1.9.2-p0/gems/actionpack-3.0.0/lib/action_dispatch/middleware/templates/rescues/_request_and_response.erb (33.5ms)
Rendered /home/hubert/.rvm/gems/ruby-1.9.2-p0/gems/actionpack-3.0.0/lib/action_dispatch/middleware/templates/rescues/diagnostics.erb within rescues/layout (38.9ms)


Started GET "/site_translations/" for 127.0.0.1 at 2010-10-07 23:30:39 +0200
  Processing by GoTranslateYourself::SiteTranslationsController#edit as HTML
Completed   in 1ms

NoMethodError (undefined method `keys' for nil:NilClass):
  

Rendered /home/hubert/.rvm/gems/ruby-1.9.2-p0/gems/actionpack-3.0.0/lib/action_dispatch/middleware/templates/rescues/_trace.erb (1.3ms)
Rendered /home/hubert/.rvm/gems/ruby-1.9.2-p0/gems/actionpack-3.0.0/lib/action_dispatch/middleware/templates/rescues/_request_and_response.erb (3.3ms)
Rendered /home/hubert/.rvm/gems/ruby-1.9.2-p0/gems/actionpack-3.0.0/lib/action_dispatch/middleware/templates/rescues/diagnostics.erb within rescues/layout (8.4ms)


Started GET "/site_translations/" for 127.0.0.1 at 2010-10-07 23:34:08 +0200
  Processing by GoTranslateYourself::SiteTranslationsController#edit as HTML
Completed   in 0ms

NoMethodError (undefined method `keys' for nil:NilClass):
  

Rendered /home/hubert/.rvm/gems/ruby-1.9.2-p0/gems/actionpack-3.0.0/lib/action_dispatch/middleware/templates/rescues/_trace.erb (1.3ms)
Rendered /home/hubert/.rvm/gems/ruby-1.9.2-p0/gems/actionpack-3.0.0/lib/action_dispatch/middleware/templates/rescues/_request_and_response.erb (3.1ms)
Rendered /home/hubert/.rvm/gems/ruby-1.9.2-p0/gems/actionpack-3.0.0/lib/action_dispatch/middleware/templates/rescues/diagnostics.erb within rescues/layout (7.9ms)


Started GET "/site_translations/" for 127.0.0.1 at 2010-10-07 23:34:09 +0200
  Processing by GoTranslateYourself::SiteTranslationsController#edit as HTML
Completed   in 0ms

NoMethodError (undefined method `keys' for nil:NilClass):
  

Rendered /home/hubert/.rvm/gems/ruby-1.9.2-p0/gems/actionpack-3.0.0/lib/action_dispatch/middleware/templates/rescues/_trace.erb (1.3ms)
Rendered /home/hubert/.rvm/gems/ruby-1.9.2-p0/gems/actionpack-3.0.0/lib/action_dispatch/middleware/templates/rescues/_request_and_response.erb (3.1ms)
Rendered /home/hubert/.rvm/gems/ruby-1.9.2-p0/gems/actionpack-3.0.0/lib/action_dispatch/middleware/templates/rescues/diagnostics.erb within rescues/layout (8.0ms)


Started GET "/site_translations/" for 127.0.0.1 at 2010-10-07 23:34:21 +0200
  Processing by GoTranslateYourself::SiteTranslationsController#edit as HTML
Rendered /home/hubert/Projekty/GoTranslateYourself/app/views/go_translate_yourself/site_translations/edit.html.erb within layouts/application (2.1ms)
Completed 200 OK in 8ms (Views: 7.9ms)
